<?xml version="1.0" encoding="UTF-8"?>
<!-- Generated by org.testng.reporters.JUnitXMLReporter -->
<testsuite hostname="LAINPU1502-0099" ignored="0" name="Test4" tests="1" failures="1" timestamp="25 Sep 2019 13:50:44 GMT" time="11.003" errors="0">
  <testcase name="processManuscriptFile" time="0.005" classname="ACDCWebPortal.processManuscriptUsingWebortal">
    <failure type="java.lang.NullPointerException">
      <![CDATA[java.lang.NullPointerException
at utility.Utils.listFilesAndFilesSubDirectories(Utils.java:112)
at ACDCWebPortal.processManuscriptUsingWebortal.processManuscriptFile(processManuscriptUsingWebortal.java:49)
... Removed 25 stack frames]]>
    </failure>
  </testcase> <!-- processManuscriptFile -->
</testsuite> <!-- Test4 -->
