<?xml version="1.0" encoding="UTF-8"?>
<!-- Generated by org.testng.reporters.JUnitXMLReporter -->
<testsuite hostname="Lainpu1502-0041" name="Command line test" tests="1" failures="1" timestamp="26 Jul 2019 09:47:54 GMT" time="12.465" errors="0">
  <testcase name="processManuscriptFile" time="0.001" classname="ACDCWebPortal.processManuscriptUsingWebortal">
    <failure type="java.lang.NullPointerException">
      <![CDATA[java.lang.NullPointerException
	at utility.Utils.listFilesAndFilesSubDirectories(Utils.java:111)
	at ACDCWebPortal.processManuscriptUsingWebortal.processManuscriptFile(processManuscriptUsingWebortal.java:49)
	at ACDCWebPortal.WebPortalMain.main(WebPortalMain.java:12)
... Removed 21 stack frames]]>
    </failure>
  </testcase> <!-- processManuscriptFile -->
</testsuite> <!-- Command line test -->
